This is pdfTeX, Version 3.14159265-2.6-1.40.17 (TeX Live 2016) (preloaded format=pdflatex 2016.5.22)  13 OCT 2017 22:31
entering extended mode
 \write18 enabled.
 %&-line parsing enabled.
**/Volumes/ssd2/code/cactoos/README.md
(/Volumes/ssd2/code/cactoos/README.md
LaTeX2e <2016/03/31>
Babel <3.9r> and hyphenation patterns for 83 language(s) loaded.

! LaTeX Error: Missing \begin{document}.

See the LaTeX manual or LaTeX Companion for explanation.
Type  H <return>  for immediate help.
 ...                                              
                                                  
l.1 <
     img src="http://cf.jare.io/?u=http%3A%2F%2Fwww.yegor256.com%2Fimages%2F...

? 
! Emergency stop.
 ...                                              
                                                  
l.1 <
     img src="http://cf.jare.io/?u=http%3A%2F%2Fwww.yegor256.com%2Fimages%2F...

You're in trouble here.  Try typing  <return>  to proceed.
If that doesn't work, type  X <return>  to quit.

 
Here is how much of TeX's memory you used:
 8 strings out of 493014
 336 string characters out of 6133351
 53601 words of memory out of 5000000
 3648 multiletter control sequences out of 15000+600000
 3640 words of font info for 14 fonts, out of 8000000 for 9000
 1141 hyphenation exceptions out of 8191
 5i,0n,4p,166b,14s stack positions out of 5000i,500n,10000p,200000b,80000s
!  ==> Fatal error occurred, no output PDF file produced!
